<?xml version="1.0" encoding="UTF-8"?>
<testng-results ignored="0" total="1" passed="0" failed="1" skipped="0">
  <reporter-output>
  </reporter-output>
  <suite started-at="2024-05-02T18:15:45 IST" name="Suite" finished-at="2024-05-02T18:15:55 IST" duration-ms="9741">
    <groups>
    </groups>
    <test started-at="2024-05-02T18:15:45 IST" name="Test" finished-at="2024-05-02T18:15:55 IST" duration-ms="9741">
      <class name="FCT.FCTweb.OpenMetabrowser">
        <test-method is-config="true" signature="bowserinstance()[pri:0, instance:FCT.FCTweb.OpenMetabrowser@459e9125]" started-at="2024-05-02T18:15:45 IST" name="bowserinstance" finished-at="2024-05-02T18:15:55 IST" duration-ms="9693" status="PASS">
          <reporter-output>
          </reporter-output>
        </test-method> <!-- bowserinstance -->
        <test-method signature="openBrowser()[pri:0, instance:FCT.FCTweb.OpenMetabrowser@459e9125]" started-at="2024-05-02T18:15:55 IST" name="openBrowser" finished-at="2024-05-02T18:15:55 IST" duration-ms="8" status="FAIL">
          <exception class="java.lang.NullPointerException">
            <message>
              <![CDATA[Cannot invoke "org.openqa.selenium.WebDriver.findElement(org.openqa.selenium.By)" because "pageObject.Open_Meta_Browser.driver" is null]]>
            </message>
            <full-stacktrace>
              <![CDATA[java.lang.NullPointerException: Cannot invoke "org.openqa.selenium.WebDriver.findElement(org.openqa.selenium.By)" because "pageObject.Open_Meta_Browser.driver" is null
at pageObject.Open_Meta_Browser.openBrowser(Open_Meta_Browser.java:14)
at FCT.FCTweb.OpenMetabrowser.openBrowser(OpenMetabrowser.java:14)
at java.base/jdk.internal.reflect.DirectMethodHandleAccessor.invoke(DirectMethodHandleAccessor.java:104)
at java.base/java.lang.reflect.Method.invoke(Method.java:577)
at org.testng.internal.invokers.MethodInvocationHelper.invokeMethod(MethodInvocationHelper.java:135)
at org.testng.internal.invokers.TestInvoker.invokeMethod(TestInvoker.java:673)
at org.testng.internal.invokers.TestInvoker.invokeTestMethod(TestInvoker.java:220)
at org.testng.internal.invokers.MethodRunner.runInSequence(MethodRunner.java:50)
at org.testng.internal.invokers.TestInvoker$MethodInvocationAgent.invoke(TestInvoker.java:945)
at org.testng.internal.invokers.TestInvoker.invokeTestMethods(TestInvoker.java:193)
at org.testng.internal.invokers.TestMethodWorker.invokeTestMethods(TestMethodWorker.java:146)
at org.testng.internal.invokers.TestMethodWorker.run(TestMethodWorker.java:128)
at java.base/java.util.ArrayList.forEach(ArrayList.java:1511)
at org.testng.TestRunner.privateRun(TestRunner.java:808)
at org.testng.TestRunner.run(TestRunner.java:603)
at org.testng.SuiteRunner.runTest(SuiteRunner.java:429)
at org.testng.SuiteRunner.runSequentially(SuiteRunner.java:423)
at org.testng.SuiteRunner.privateRun(SuiteRunner.java:383)
at org.testng.SuiteRunner.run(SuiteRunner.java:326)
at org.testng.SuiteRunnerWorker.runSuite(SuiteRunnerWorker.java:52)
at org.testng.SuiteRunnerWorker.run(SuiteRunnerWorker.java:95)
at org.testng.TestNG.runSuitesSequentially(TestNG.java:1249)
at org.testng.TestNG.runSuitesLocally(TestNG.java:1169)
at org.testng.TestNG.runSuites(TestNG.java:1092)
at org.testng.TestNG.run(TestNG.java:1060)
at org.testng.remote.AbstractRemoteTestNG.run(AbstractRemoteTestNG.java:115)
at org.testng.remote.RemoteTestNG.initAndRun(RemoteTestNG.java:251)
at org.testng.remote.RemoteTestNG.main(RemoteTestNG.java:77)
]]>
            </full-stacktrace>
          </exception> <!-- java.lang.NullPointerException -->
          <reporter-output>
          </reporter-output>
        </test-method> <!-- openBrowser -->
        <test-method is-config="true" signature="closebrowser()[pri:0, instance:FCT.FCTweb.OpenMetabrowser@459e9125]" started-at="2024-05-02T18:15:55 IST" name="closebrowser" finished-at="2024-05-02T18:15:55 IST" duration-ms="1" status="PASS">
          <reporter-output>
          </reporter-output>
        </test-method> <!-- closebrowser -->
      </class> <!-- FCT.FCTweb.OpenMetabrowser -->
    </test> <!-- Test -->
  </suite> <!-- Suite -->
</testng-results>
