<?xml version="1.0" encoding="UTF-8"?>
<!-- Generated by org.testng.reporters.JUnitXMLReporter -->
<testsuite ignored="0" hostname="Manoj_Tambe_FCT" failures="1" tests="1" name="Test" time="9.741" errors="0" timestamp="2024-05-02T18:15:55 IST">
  <testcase classname="FCT.FCTweb.OpenMetabrowser" name="openBrowser" time="0.008">
    <failure type="java.lang.NullPointerException" message="Cannot invoke &amp;quot;org.openqa.selenium.WebDriver.findElement(org.openqa.selenium.By)&amp;quot; because &amp;quot;pageObject.Open_Meta_Browser.driver&amp;quot; is null">
      <![CDATA[java.lang.NullPointerException: Cannot invoke "org.openqa.selenium.WebDriver.findElement(org.openqa.selenium.By)" because "pageObject.Open_Meta_Browser.driver" is null
at pageObject.Open_Meta_Browser.openBrowser(Open_Meta_Browser.java:14)
at FCT.FCTweb.OpenMetabrowser.openBrowser(OpenMetabrowser.java:14)
at java.base/java.util.ArrayList.forEach(ArrayList.java:1511)
... Removed 25 stack frames]]>
    </failure>
  </testcase> <!-- openBrowser -->
</testsuite> <!-- Test -->
